<?xml version="1.0" encoding="UTF-8"?>
<!-- Generated by org.testng.reporters.JUnitXMLReporter -->
<testsuite ignored="1" hostname="NevaanSengar" failures="1" tests="29" name="SauceDemo Tests" time="96.685" errors="0" timestamp="2024-07-01T22:20:05 EDT">
  <testcase classname="com.saucedemo.testcases.LoginPageTest" name="verifyLoginPageTitle" time="0.032"/>
  <testcase classname="com.saucedemo.testcases.LoginPageTest" name="verifyLogin" time="0.812"/>
  <testcase classname="com.saucedemo.testcases.LoginPageTest" name="verifyInvaildLogin" time="0.485">
    <failure type="java.lang.AssertionError" message="expected [false] but found [true]">
      <![CDATA[java.lang.AssertionError: expected [false] but found [true]
at com.saucedemo.testcases.LoginPageTest.verifyInvaildLogin(LoginPageTest.java:49)
at java.base/java.util.ArrayList.forEach(ArrayList.java:1511)
... Removed 38 stack frames]]>
    </failure>
  </testcase> <!-- verifyInvaildLogin -->
  <testcase classname="com.saucedemo.testcases.HomeProductsPageTest" name="verifyOnHomeProductsPage" time="0.072"/>
  <testcase classname="com.saucedemo.testcases.HomeProductsPageTest" name="verifyPriceLowToHighDisplayed" time="0.307"/>
  <testcase classname="com.saucedemo.testcases.HomeProductsPageTest" name="verifyPriceHighToLowDisplayed" time="0.334"/>
  <testcase classname="com.saucedemo.testcases.HomeProductsPageTest" name="verifyNamesInAscendingOderDisplayed" time="0.237"/>
  <testcase classname="com.saucedemo.testcases.HomeProductsPageTest" name="verifyNamesInDescendingOderDisplayed" time="0.276"/>
  <testcase classname="com.saucedemo.testcases.HomeProductsPageTest" name="verifyAddToCart" time="0.339"/>
  <testcase classname="com.saucedemo.testcases.HomeProductsPageTest" name="verifyAddingTwoItems" time="0.52"/>
  <testcase classname="com.saucedemo.testcases.HomeProductsPageTest" name="verifyClickingOnProductLink" time="0.204"/>
  <testcase classname="com.saucedemo.testcases.HomeProductsPageTest" name="verifyClickingOnCart" time="0.219"/>
  <testcase classname="com.saucedemo.testcases.ProductDetailPageTest" name="verifyOnProductDetailsPage" time="0.083"/>
  <testcase classname="com.saucedemo.testcases.ProductDetailPageTest" name="verifyAddProductToCart" time="0.201"/>
  <testcase classname="com.saucedemo.testcases.ProductDetailPageTest" name="verifyClickingOnCart" time="0.182"/>
  <testcase classname="com.saucedemo.testcases.ShoppingCartPageTest" name="verifyOnShoppingCartPage" time="0.06"/>
  <testcase classname="com.saucedemo.testcases.ShoppingCartPageTest" name="verifyCheckOutButton" time="0.128"/>
  <testcase classname="com.saucedemo.testcases.ShoppingCartPageTest" name="verifyContinueShoppingButton" time="0.139"/>
  <testcase classname="com.saucedemo.testcases.CheckoutPageTest" name="verifyOnCheckoutPage" time="0.043"/>
  <testcase classname="com.saucedemo.testcases.CheckoutPageTest" name="verifyCancelButton" time="0.112"/>
  <testcase classname="com.saucedemo.testcases.CheckoutPageTest" name="verifyContinueCheckoutButton" time="1.217"/>
  <testcase classname="com.saucedemo.testcases.OverviewPageTest" name="verifyOnOverviewPage" time="0.049"/>
  <testcase classname="com.saucedemo.testcases.OverviewPageTest" name="verifyTotalPriceWithoutTax" time="0.08"/>
  <testcase classname="com.saucedemo.testcases.OverviewPageTest" name="verifyTax" time="0.131"/>
  <testcase classname="com.saucedemo.testcases.OverviewPageTest" name="verifyFinalTotal" time="0.129"/>
  <testcase classname="com.saucedemo.testcases.OverviewPageTest" name="verifyClickingOnCancel" time="0.124"/>
  <testcase classname="com.saucedemo.testcases.OverviewPageTest" name="verifyClickingOnFinish" time="0.143"/>
  <testcase classname="com.saucedemo.testcases.OrderCompletePageTest" name="verifyOnFinalPage" time="0.039"/>
  <testcase classname="com.saucedemo.testcases.OrderCompletePageTest" name="verifyClickingOnBackHome" time="0.128"/>
  <testcase classname="com.saucedemo.testcases.ProductDetailPageTest" name="verifyRemoveProduct" time="0.0">
    <ignored/>
  </testcase> <!-- verifyRemoveProduct -->
</testsuite> <!-- SauceDemo Tests -->
